<?xml version="1.0" encoding="UTF-8" standalone="no"?><testsuite errors="0" failures="0" name="RbelBuilder Test feature" skipped="0" tests="9" time="0.11" timestamp="2024-04-25 05:07:03"><testcase name="Create RbelElement from Scratch"/><testcase name="Read RbelElement from String"/><testcase name="Read from File; change and assert changes"/><testcase name="Read RbelElement from File and serialize again to string"/><testcase name="Read RbelElement from File, modify and serialize again to string"/><testcase name="Add new entries to array"/><testcase name="Add new entry to JSON object"/><testcase name="Add new entries to XML object"/><testcase name="Read and serialize XML File"/></testsuite>